\BOOKMARK [-1][-]{part.1}{\376\377\000I\000\040\000I\000n\000t\000r\000o\000d\000u\000c\000t\000i\000o\000n}{}% 1
\BOOKMARK [-1][-]{part.2}{\376\377\000I\000I\000\040\000F\000e\000a\000s\000i\000b\000i\000l\000i\000t\000y}{}% 2
\BOOKMARK [0][-]{chapter.1}{\376\377\000D\000a\000t\000a\000\040\000s\000o\000u\000r\000c\000e\000s}{part.2}% 3
\BOOKMARK [1][-]{section.1.1}{\376\377\000T\000r\000a\000n\000s\000p\000o\000r\000t\000\040\000f\000o\000r\000\040\000L\000o\000n\000d\000o\000n}{chapter.1}% 4
\BOOKMARK [1][-]{section.1.2}{\376\377\000O\000p\000e\000n\000S\000t\000r\000e\000e\000t\000M\000a\000p}{chapter.1}% 5
\BOOKMARK [-1][-]{part.3}{\376\377\000I\000I\000I\000\040\000D\000e\000s\000i\000g\000n}{}% 6
\BOOKMARK [0][-]{chapter.2}{\376\377\000M\000a\000i\000n\000\040\000A\000c\000t\000o\000r\000s}{part.3}% 7
\BOOKMARK [0][-]{chapter.3}{\376\377\000F\000u\000n\000c\000t\000i\000o\000n\000a\000l\000\040\000r\000e\000q\000u\000i\000r\000e\000m\000e\000n\000t\000s}{part.3}% 8
\BOOKMARK [1][-]{section.3.1}{\376\377\000C\000l\000i\000e\000n\000t}{chapter.3}% 9
\BOOKMARK [1][-]{section.3.2}{\376\377\000T\000I\000M\000S}{chapter.3}% 10
\BOOKMARK [1][-]{section.3.3}{\376\377\000S\000t\000a\000t\000i\000c\000i\000a\000n}{chapter.3}% 11
\BOOKMARK [0][-]{chapter.4}{\376\377\000N\000o\000t\000\040\000f\000u\000n\000c\000t\000i\000o\000n\000a\000l\000\040\000r\000e\000q\000u\000i\000r\000e\000m\000e\000n\000t\000s}{part.3}% 12
\BOOKMARK [0][-]{chapter.5}{\376\377\000C\000A\000P\000\040\000T\000h\000e\000o\000r\000e\000m\000\040\000i\000s\000s\000u\000e}{part.3}% 13
\BOOKMARK [0][-]{chapter.6}{\376\377\000U\000s\000e\000\040\000c\000a\000s\000e\000s}{part.3}% 14
\BOOKMARK [0][-]{chapter.7}{\376\377\000D\000a\000t\000a\000\040\000m\000o\000d\000e\000l}{part.3}% 15
\BOOKMARK [1][-]{section.7.1}{\376\377\000D\000o\000c\000u\000m\000e\000n\000t\000\040\000d\000a\000t\000a\000b\000a\000s\000e}{chapter.7}% 16
\BOOKMARK [1][-]{section.7.2}{\376\377\000G\000r\000a\000p\000h\000\040\000d\000a\000t\000a\000b\000a\000s\000e}{chapter.7}% 17
\BOOKMARK [1][-]{section.7.3}{\376\377\000K\000e\000y\000-\000v\000a\000l\000u\000e\000\040\000d\000a\000t\000a\000b\000a\000s\000e}{chapter.7}% 18
\BOOKMARK [0][-]{chapter.8}{\376\377\000D\000i\000s\000t\000r\000i\000b\000u\000t\000e\000d\000\040\000d\000a\000t\000a\000b\000a\000s\000e}{part.3}% 19
\BOOKMARK [0][-]{chapter.9}{\376\377\000O\000v\000e\000r\000a\000l\000l\000\040\000p\000l\000a\000t\000f\000o\000r\000m\000\040\000a\000r\000c\000h\000i\000t\000e\000c\000t\000u\000r\000e}{part.3}% 20
\BOOKMARK [0][-]{chapter.10}{\376\377\000F\000r\000a\000m\000e\000w\000o\000r\000k\000\040\000u\000s\000e\000d}{part.3}% 21
\BOOKMARK [-1][-]{part.4}{\376\377\000I\000V\000\040\000I\000m\000p\000l\000e\000m\000e\000n\000t\000a\000t\000i\000o\000n}{}% 22
\BOOKMARK [0][-]{chapter.11}{\376\377\000Q\000u\000e\000r\000i\000e\000s\000\040\000o\000n\000\040\000g\000r\000a\000p\000h\000\040\000d\000a\000t\000a\000b\000a\000s\000e}{part.4}% 23
\BOOKMARK [1][-]{section.11.1}{\376\377\000R\000o\000u\000t\000i\000n\000g}{chapter.11}% 24
\BOOKMARK [1][-]{section.11.2}{\376\377\000P\000o\000i\000n\000t\000\040\000f\000i\000n\000d\000i\000n\000g}{chapter.11}% 25
\BOOKMARK [-1][-]{part.5}{\376\377\000V\000\040\000C\000o\000n\000c\000l\000u\000s\000i\000o\000n}{}% 26
\BOOKMARK [-1][-]{part.6}{\376\377\000V\000I\000\040\000M\000a\000n\000u\000a\000l}{}% 27
\BOOKMARK [0][-]{appendix.A}{\376\377\000U\000s\000e\000r}{part.6}% 28
\BOOKMARK [0][-]{appendix.B}{\376\377\000S\000t\000a\000t\000i\000s\000t\000i\000c\000i\000a\000n}{part.6}% 29
